Using pre-set license

 COMMAND LINE ARGUMENTS:
/Applications/Unity/Hub/Editor/2020.3.5f1/Unity.app/Contents/MacOS/Unity
-adb2
-batchMode
-noUpm
-name
AssetImportWorker0
-projectPath
/Users/gerardogalvez/dev/ZigZagClone
-logFile
Logs/AssetImportWorker0.log
-srvPort
60189
Successfully changed project path to: /Users/gerardogalvez/dev/ZigZagClone
/Users/gerardogalvez/dev/ZigZagClone
Using Asset Import Pipeline V2.
Default GameObject Tag: Player already registered

Platform WindowsStandaloneSupport does not support graphics device type 

Refreshing native plugins compatible for Editor in 69.42 ms, found 1 plugins.
Preloading 0 native plugins for Editor in 0.00 ms.
Initialize engine version: 2020.3.5f1 (8095aa901b9b)
[Subsystems] Discovering subsystems at path /Applications/Unity/Hub/Editor/2020.3.5f1/Unity.app/Contents/Resources/UnitySubsystems
[Subsystems] Discovering subsystems at path /Users/gerardogalvez/dev/ZigZagClone/Assets
GfxDevice: creating device client; threaded=0
2023-07-04 23:34:03.174 Unity[57508:1239997] Color LCD preferred device: Intel(R) Iris(TM) Plus Graphics 640 (low power)
2023-07-04 23:34:03.175 Unity[57508:1239997] Metal devices available: 1
2023-07-04 23:34:03.175 Unity[57508:1239997] 0: Intel(R) Iris(TM) Plus Graphics 640 (low power)
2023-07-04 23:34:03.175 Unity[57508:1239997] Using device Intel(R) Iris(TM) Plus Graphics 640 (low power)
Initializing Metal device caps: Intel(R) Iris(TM) Plus Graphics 640
Initialize mono
Mono path[0] = '/Applications/Unity/Hub/Editor/2020.3.5f1/Unity.app/Contents/Managed'
Mono path[1] = '/Applications/Unity/Hub/Editor/2020.3.5f1/Unity.app/Contents/MonoBleedingEdge/lib/mono/unityjit'
Mono config path = '/Applications/Unity/Hub/Editor/2020.3.5f1/Unity.app/Contents/MonoBleedingEdge/etc'
Using monoOptions --debugger-agent=transport=dt_socket,embedding=1,server=y,suspend=n,address=127.0.0.1:56508
Begin MonoManager ReloadAssembly
Registering precompiled unity dll's ...
Register platform support module: /Applications/Unity/Hub/Editor/2020.3.5f1/PlaybackEngines/WebGLSupport/UnityEditor.WebGL.Extensions.dll
Register platform support module: /Applications/Unity/Hub/Editor/2020.3.5f1/Unity.app/Contents/PlaybackEngines/MacStandaloneSupport/UnityEditor.OSXStandalone.Extensions.dll
Register platform support module: /Applications/Unity/Hub/Editor/2020.3.5f1/PlaybackEngines/WindowsStandaloneSupport/UnityEditor.WindowsStandalone.Extensions.dll
Registered in 0.001090 seconds.
Native extension for WindowsStandalone target not found
Native extension for OSXStandalone target not found
Native extension for WebGL target not found
Refreshing native plugins compatible for Editor in 33.00 ms, found 1 plugins.
Preloading 0 native plugins for Editor in 0.00 ms.
Mono: successfully reloaded assembly
- Completed reload, in  9.452 seconds
Platform modules already initialized, skipping
Registering precompiled user dll's ...
Registered in 0.000544 seconds.
Begin MonoManager ReloadAssembly
OnLevelWasLoaded was found on EventSystemChecker
This message has been deprecated and will be removed in a later version of Unity.
Add a delegate to SceneManager.sceneLoaded instead to get notifications after scene loading has completed

OnLevelWasLoaded was found on PlayMusic
This message has been deprecated and will be removed in a later version of Unity.
Add a delegate to SceneManager.sceneLoaded instead to get notifications after scene loading has completed

Native extension for WindowsStandalone target not found
Native extension for OSXStandalone target not found
Native extension for WebGL target not found
Refreshing native plugins compatible for Editor in 0.29 ms, found 1 plugins.
Preloading 0 native plugins for Editor in 0.00 ms.
Mono: successfully reloaded assembly
- Completed reload, in  2.043 seconds
Platform modules already initialized, skipping
========================================================================
Worker process is ready to serve import requests
Default GameObject Tag: Player already registered

Platform WindowsStandaloneSupport does not support graphics device type 

Launching external process: /Applications/Unity/Hub/Editor/2020.3.5f1/Unity.app/Contents/Tools/UnityShaderCompiler
Launched and connected shader compiler UnityShaderCompiler after 0.05 seconds
Refreshing native plugins compatible for Editor in 0.51 ms, found 1 plugins.
Preloading 0 native plugins for Editor in 0.00 ms.
Unloading 1136 Unused Serialized files (Serialized files now loaded: 0)
System memory in use before: 42.2 MB.
System memory in use after: 42.3 MB.

Unloading 9 unused Assets to reduce memory usage. Loaded Objects now: 1579.
Total: 5.473317 ms (FindLiveObjects: 0.704751 ms CreateObjectMapping: 0.093072 ms MarkObjects: 4.571634 ms  DeleteObjects: 0.102164 ms)

========================================================================
Received Import Request.
  path: Assets/Scenes/game.unity
  artifactKey: Guid(063f137dba5b4184cbb9afa6a0585836) Importer(815301076,1909f56bfc062723c751e8b465ee728b)
Start importing Assets/Scenes/game.unity using Guid(063f137dba5b4184cbb9afa6a0585836) Importer(815301076,1909f56bfc062723c751e8b465ee728b)  -> (artifact id: '178e75e86b9329d0b67fc83ae054812c') in 0.030298 seconds
  Import took 0.033588 seconds .

========================================================================
Received Prepare
Default GameObject Tag: Player already registered

Platform WindowsStandaloneSupport does not support graphics device type 

Refreshing native plugins compatible for Editor in 1.60 ms, found 1 plugins.
Preloading 0 native plugins for Editor in 0.00 ms.
Unloading 3 Unused Serialized files (Serialized files now loaded: 0)
System memory in use before: 19.6 MB.
System memory in use after: 19.7 MB.

Unloading 2 unused Assets to reduce memory usage. Loaded Objects now: 1579.
Total: 5.050878 ms (FindLiveObjects: 0.341908 ms CreateObjectMapping: 0.056173 ms MarkObjects: 4.634995 ms  DeleteObjects: 0.016001 ms)

========================================================================
Received Prepare
Default GameObject Tag: Player already registered

Platform WindowsStandaloneSupport does not support graphics device type 

Registering precompiled user dll's ...
Registered in 0.000695 seconds.
OnLevelWasLoaded was found on EventSystemChecker
This message has been deprecated and will be removed in a later version of Unity.
Add a delegate to SceneManager.sceneLoaded instead to get notifications after scene loading has completed

OnLevelWasLoaded was found on PlayMusic
This message has been deprecated and will be removed in a later version of Unity.
Add a delegate to SceneManager.sceneLoaded instead to get notifications after scene loading has completed

Begin MonoManager ReloadAssembly
OnLevelWasLoaded was found on PlayMusic
This message has been deprecated and will be removed in a later version of Unity.
Add a delegate to SceneManager.sceneLoaded instead to get notifications after scene loading has completed

OnLevelWasLoaded was found on EventSystemChecker
This message has been deprecated and will be removed in a later version of Unity.
Add a delegate to SceneManager.sceneLoaded instead to get notifications after scene loading has completed

Native extension for WindowsStandalone target not found
Native extension for OSXStandalone target not found
Native extension for WebGL target not found
Refreshing native plugins compatible for Editor in 0.27 ms, found 1 plugins.
Preloading 0 native plugins for Editor in 0.00 ms.
Mono: successfully reloaded assembly
- Completed reload, in  1.337 seconds
Platform modules already initialized, skipping
Refreshing native plugins compatible for Editor in 0.36 ms, found 1 plugins.
Preloading 0 native plugins for Editor in 0.00 ms.
Unloading 1130 Unused Serialized files (Serialized files now loaded: 0)
System memory in use before: 45.0 MB.
System memory in use after: 45.1 MB.

Unloading 4 unused Assets to reduce memory usage. Loaded Objects now: 1582.
Total: 2.710957 ms (FindLiveObjects: 0.332481 ms CreateObjectMapping: 0.097732 ms MarkObjects: 2.255589 ms  DeleteObjects: 0.020475 ms)

